<?xml version="1.0" encoding="UTF-8"?>
<!-- Generated by org.testng.reporters.JUnitReportReporter -->
<testsuite skipped="0" hostname="DESKTOP-E8EDNI0" name="TestCases.HomePage" tests="1" failures="0" timestamp="2022-11-07T21:24:13 IST" time="9.263" errors="0">
  <testcase name="clickOnCartButton" time="9.263" classname="TestCases.HomePage"/>
</testsuite> <!-- TestCases.HomePage -->
