<?xml version="1.0" encoding="UTF-8"?>
<!-- Generated by org.testng.reporters.JUnitReportReporter -->
<testsuite skipped="0" hostname="DESKTOP-E8EDNI0" name="TestCases.Testcase1" tests="2" failures="0" timestamp="2022-11-08T21:31:04 IST" time="0.019" errors="0">
  <testcase name="usecase_of_groups3" time="0.011" classname="TestCases.Testcase1"/>
  <testcase name="usecase_of_groups4" time="0.008" classname="TestCases.Testcase1"/>
</testsuite> <!-- TestCases.Testcase1 -->
