<?xml version="1.0" encoding="UTF-8"?>
<!-- Generated by org.testng.reporters.JUnitReportReporter -->
<testsuite skipped="0" hostname="DESKTOP-E8EDNI0" name="Testng.TestingTestng.NewTest" tests="3" failures="0" timestamp="2022-11-04T21:31:29 IST" time="1.073" errors="0">
  <testcase name="test2" time="0.382" classname="Testng.TestingTestng.NewTest"/>
  <testcase name="test1" time="0.254" classname="Testng.TestingTestng.NewTest"/>
  <testcase name="test3" time="0.437" classname="Testng.TestingTestng.NewTest"/>
</testsuite> <!-- Testng.TestingTestng.NewTest -->
