<?xml version="1.0" encoding="UTF-8"?>
<!-- Generated by org.testng.reporters.JUnitReportReporter -->
<testsuite skipped="0" hostname="DESKTOP-E8EDNI0" name="TestCases.HomePage" tests="3" failures="0" timestamp="2022-11-08T20:50:14 IST" time="2.393" errors="0">
  <testcase name="SelectFromSearchDropdown" time="2.384" classname="TestCases.HomePage"/>
  <testcase name="Test3" time="0.007" classname="TestCases.HomePage"/>
  <testcase name="Test3" time="0.002" classname="TestCases.HomePage"/>
</testsuite> <!-- TestCases.HomePage -->
