<?xml version="1.0" encoding="UTF-8"?>
<!-- Generated by org.testng.reporters.JUnitReportReporter -->
<testsuite skipped="0" hostname="DESKTOP-E8EDNI0" name="TestCases.NewTest" tests="1" failures="0" timestamp="2022-11-07T18:29:35 IST" time="0.365" errors="0">
  <testcase name="test1" time="0.365" classname="TestCases.NewTest"/>
</testsuite> <!-- TestCases.NewTest -->
