<?xml version="1.0" encoding="UTF-8"?>
<!-- Generated by org.testng.reporters.JUnitReportReporter -->
<testsuite skipped="0" hostname="DESKTOP-E8EDNI0" name="TestCases.Testcase1" tests="5" failures="0" timestamp="2022-11-09T21:27:57 IST" time="0.029" errors="0">
  <testcase name="usecase_of_groups3" time="0.003" classname="TestCases.Testcase1"/>
  <testcase name="usecase_of_groups4" time="0.003" classname="TestCases.Testcase1"/>
  <testcase name="usecase_of_groups5" time="0.003" classname="TestCases.Testcase1"/>
  <testcase name="usecase_of_groups" time="0.003" classname="TestCases.Testcase1"/>
  <testcase name="usecase_of_group2" time="0.017" classname="TestCases.Testcase1"/>
</testsuite> <!-- TestCases.Testcase1 -->
