<?xml version="1.0" encoding="UTF-8"?>
<!-- Generated by org.testng.reporters.JUnitReportReporter -->
<testsuite skipped="0" hostname="DESKTOP-E8EDNI0" name="TestCases.Testcase1" tests="5" failures="0" timestamp="2022-11-10T20:57:02 IST" time="0.030" errors="0">
  <testcase name="usecase_of_groups5" time="0.004" classname="TestCases.Testcase1"/>
  <testcase name="usecase_of_groups" time="0.004" classname="TestCases.Testcase1"/>
  <testcase name="usecase_of_group2" time="0.015" classname="TestCases.Testcase1"/>
  <testcase name="usecase_of_groups3" time="0.005" classname="TestCases.Testcase1"/>
  <testcase name="usecase_of_groups4" time="0.002" classname="TestCases.Testcase1"/>
</testsuite> <!-- TestCases.Testcase1 -->
